<?xml version="1.0" encoding="utf-8"?>
<test-run id="2" name="BackEnd.Teste.dll" fullname="C:/Dev/Easy/app/BackEnd/BackEnd.Teste/bin/Debug/netcoreapp2.0/BackEnd.Teste.dll" testcasecount="1" result="Passed" start-time="2017-07-18 02:57:51Z" end-time="2017-07-18 02:57:52Z" duration="0.759681" total="1" passed="1" failed="0" inconclusive="0" skipped="0" asserts="0" random-seed="911906656">
  <filter />
  <test-suite type="Assembly" id="1002" name="BackEnd.Teste.dll" fullname="C:/Dev/Easy/app/BackEnd/BackEnd.Teste/bin/Debug/netcoreapp2.0/BackEnd.Teste.dll" runstate="Runnable" testcasecount="1" result="Passed" start-time="2017-07-18 02:57:51Z" end-time="2017-07-18 02:57:52Z" duration="0.759681" total="1" passed="1" failed="0" warnings="0" inconclusive="0" skipped="0" asserts="0">
    <environment framework-version="3.7.1.0" cwd="C:\Dev\Easy\app\BackEnd\BackEnd.Teste" culture="en-CA" uiculture="pt-BR" clr-version=".NET Core 4.6.00001.0" os-version="Microsoft Windows 10.0.15063 " machine-name="GLAICON" os-architecture="X64" />
    <settings>
      <setting name="WorkDirectory" value="C:\Dev\Easy\app\BackEnd\BackEnd.Teste" />
    </settings>
    <test-suite type="TestSuite" id="1003" name="BackEnd" fullname="BackEnd" runstate="Runnable" testcasecount="1" result="Passed" start-time="2017-07-18 02:57:51Z" end-time="2017-07-18 02:57:52Z" duration="0.731852" total="1" passed="1" failed="0" warnings="0" inconclusive="0" skipped="0" asserts="0">
      <test-suite type="TestSuite" id="1004" name="Teste" fullname="BackEnd.Teste" runstate="Runnable" testcasecount="1" result="Passed" start-time="2017-07-18 02:57:51Z" end-time="2017-07-18 02:57:52Z" duration="0.729697" total="1" passed="1" failed="0" warnings="0" inconclusive="0" skipped="0" asserts="0">
        <test-suite type="TestFixture" id="1000" name="CandidatoServiceTeste" fullname="BackEnd.Teste.CandidatoServiceTeste" classname="BackEnd.Teste.CandidatoServiceTeste" runstate="Runnable" testcasecount="1" result="Passed" start-time="2017-07-18 02:57:51Z" end-time="2017-07-18 02:57:52Z" duration="0.728807" total="1" passed="1" failed="0" warnings="0" inconclusive="0" skipped="0" asserts="0">
          <test-case id="1001" name="ObtendoCandidatosConformePaginacao" fullname="BackEnd.Teste.CandidatoServiceTeste.ObtendoCandidatosConformePaginacao" methodname="ObtendoCandidatosConformePaginacao" classname="BackEnd.Teste.CandidatoServiceTeste" runstate="Runnable" seed="110572502" result="Passed" start-time="2017-07-18 02:57:51Z" end-time="2017-07-18 02:57:52Z" duration="0.699548" asserts="0" />
        </test-suite>
      </test-suite>
    </test-suite>
  </test-suite>
</test-run>